<?xml version="1.0" encoding="UTF-8"?>
<!-- Generated by org.testng.reporters.JUnitXMLReporter -->
<testsuite hostname="AnilRevs-PC" ignored="2" name=" Smoke Test Demo" tests="2" failures="1" timestamp="28 Dec 2018 10:06:32 GMT" time="0.372" errors="0">
  <testcase name="initEnvironment" time="0.039" classname="com.demo.tests.DependsOnGroups"/>
  <testcase name="serverStartedOk" time="0.013" classname="com.demo.tests.DependsOnGroups">
    <failure type="org.junit.ComparisonFailure" message="expected:&amp;lt;[T]est&amp;gt; but was:&amp;lt;[t]est&amp;gt;">
      <![CDATA[org.junit.ComparisonFailure: expected:<[T]est> but was:<[t]est>
at org.junit.Assert.assertEquals(Assert.java:125)
at org.junit.Assert.assertEquals(Assert.java:147)
at com.demo.tests.DependsOnGroups.serverStartedOk(DependsOnGroups.java:13)
... Removed 25 stack frames]]>
    </failure>
  </testcase> <!-- serverStartedOk -->
  <testcase name="method1" time="0.0" classname="com.demo.tests.DependsOnGroups">
    <ignored/>
  </testcase> <!-- method1 -->
  <testcase name="exit" time="0.0" classname="com.demo.tests.DependsOnGroups">
    <ignored/>
  </testcase> <!-- exit -->
</testsuite> <!--  Smoke Test Demo -->
